Traceback (most recent call last):
  File "C:\Users\vdegu\anaconda3\lib\site-packages\jupyter_cache\executors\utils.py", line 58, in single_nb_execution
    executenb(
  File "C:\Users\vdegu\anaconda3\lib\site-packages\nbclient\client.py", line 1204, in execute
    return NotebookClient(nb=nb, resources=resources, km=km, **kwargs).execute()
  File "C:\Users\vdegu\anaconda3\lib\site-packages\nbclient\util.py", line 84, in wrapped
    return just_run(coro(*args, **kwargs))
  File "C:\Users\vdegu\anaconda3\lib\site-packages\nbclient\util.py", line 62, in just_run
    return loop.run_until_complete(coro)
  File "C:\Users\vdegu\anaconda3\lib\asyncio\base_events.py", line 647, in run_until_complete
    return future.result()
  File "C:\Users\vdegu\anaconda3\lib\site-packages\nbclient\client.py", line 663, in async_execute
    await self.async_execute_cell(
  File "C:\Users\vdegu\anaconda3\lib\site-packages\nbclient\client.py", line 965, in async_execute_cell
    await self._check_raise_for_error(cell, cell_index, exec_reply)
  File "C:\Users\vdegu\anaconda3\lib\site-packages\nbclient\client.py", line 862, in _check_raise_for_error
    raise CellExecutionError.from_cell_and_msg(cell, exec_reply_content)
nbclient.exceptions.CellExecutionError: An error occurred while executing the following cell:
------------------
# Année cible
year = 2025

# Chemin racine où enregistrer les dossiers et fichiers
output_dir = "Calendrier"

# Fonction pour générer les semaines d'un mois
def generate_weeks(month, days):
    weeks = []
    start_date = date(year, months.index((month, days)) + 1, 1)
    for week_start in range(0, days, 7):
        week_end = min(week_start + 6, days - 1)
        week_start_date = start_date + timedelta(days=week_start)
        week_end_date = start_date + timedelta(days=week_end)
        weeks.append((week_start_date, week_end_date))
    return weeks

# Génération des fichiers mensuels
for month, days in months:
    folder_path = os.path.join(output_dir, f"{month}-{year}")
    file_path = os.path.join(folder_path, f"{month}.md")

    # Génération des semaines
    weeks = generate_weeks(month, days)

    # Contenu du fichier
    content = f"""# {month.capitalize()} {year}

## Semaines

"""
    for i, (start, end) in enumerate(weeks, start=1):
        content += f"::::{{grid-item-card}}\n:link:  \n:class-header: bg-light\n\nsemaine {i}\n^^^\n\nlundi {start.day} - dimanche {end.day}\n\n:::\n\n::::\n\n"

    # Écriture dans le fichier
    with open(file_path, "w", encoding="utf-8") as f:
        f.write(content)

print(f"Fichiers Markdown pour chaque mois générés dans : {output_dir}")
------------------

[1;31m---------------------------------------------------------------------------[0m
[1;31mNameError[0m                                 Traceback (most recent call last)
[1;32m~\AppData\Local\Temp\ipykernel_26184\462251403.py[0m in [0;36m<module>[1;34m[0m
[0;32m     17[0m [1;33m[0m[0m
[0;32m     18[0m [1;31m# Génération des fichiers mensuels[0m[1;33m[0m[1;33m[0m[0m
[1;32m---> 19[1;33m [1;32mfor[0m [0mmonth[0m[1;33m,[0m [0mdays[0m [1;32min[0m [0mmonths[0m[1;33m:[0m[1;33m[0m[1;33m[0m[0m
[0m[0;32m     20[0m     [0mfolder_path[0m [1;33m=[0m [0mos[0m[1;33m.[0m[0mpath[0m[1;33m.[0m[0mjoin[0m[1;33m([0m[0moutput_dir[0m[1;33m,[0m [1;34mf"{month}-{year}"[0m[1;33m)[0m[1;33m[0m[1;33m[0m[0m
[0;32m     21[0m     [0mfile_path[0m [1;33m=[0m [0mos[0m[1;33m.[0m[0mpath[0m[1;33m.[0m[0mjoin[0m[1;33m([0m[0mfolder_path[0m[1;33m,[0m [1;34mf"{month}.md"[0m[1;33m)[0m[1;33m[0m[1;33m[0m[0m

[1;31mNameError[0m: name 'months' is not defined
NameError: name 'months' is not defined

